<?xml version="1.0" encoding="UTF-8"?>
<!-- Generated by org.testng.reporters.JUnitReportReporter -->
<testsuite skipped="0" hostname="LAPTOP-C3E1HSB0" name="com.test.RegressionTests" tests="1" failures="0" timestamp="08 Jul 2022 09:51:41 GMT" time="22.643" errors="0">
  <testcase name="m4" time="22.643" classname="com.test.RegressionTests"/>
</testsuite> <!-- com.test.RegressionTests -->
