<?xml version="1.0" encoding="UTF-8"?>
<!-- Generated by org.testng.reporters.JUnitReportReporter -->
<testsuite skipped="0" hostname="LAPTOP-C3E1HSB0" name="com.test.RegressionTests" tests="3" failures="0" timestamp="05 Jul 2022 06:10:34 GMT" time="39.435" errors="0">
  <testcase name="m5" time="16.608" classname="com.test.RegressionTests"/>
  <testcase name="m3" time="9.840" classname="com.test.RegressionTests"/>
  <testcase name="m4" time="12.987" classname="com.test.RegressionTests"/>
</testsuite> <!-- com.test.RegressionTests -->
